<?xml version="1.0" encoding="UTF-8"?>
<testng-results ignored="0" total="5" passed="4" failed="1" skipped="0">
  <reporter-output>
  </reporter-output>
  <suite started-at="2024-09-24T23:05:49 TRT" name="Combined Test Suite" finished-at="2024-09-24T23:06:10 TRT" duration-ms="21942">
    <groups>
    </groups>
    <test started-at="2024-09-24T23:05:49 TRT" name="FirefoxTest" finished-at="2024-09-24T23:06:10 TRT" duration-ms="21942">
      <class name="uiTests.loginTests">
        <test-method is-config="true" signature="go_loginPage(java.lang.String)[pri:0, instance:uiTests.loginTests@3b69e7d1]" started-at="2024-09-24T23:05:49 TRT" name="go_loginPage" finished-at="2024-09-24T23:05:52 TRT" duration-ms="3906" status="PASS">
          <params>
            <param index="0">
              <value>
                <![CDATA[firefox]]>
              </value>
            </param>
          </params>
          <reporter-output>
          </reporter-output>
        </test-method> <!-- go_loginPage -->
        <test-method signature="testLogin(java.lang.String,java.lang.String,boolean)[pri:0, instance:uiTests.loginTests@3b69e7d1]" started-at="2024-09-24T23:05:52 TRT" name="testLogin" data-provider="loginData" finished-at="2024-09-24T23:05:53 TRT" duration-ms="302" status="FAIL">
          <params>
            <param index="0">
              <value>
                <![CDATA[invalidUser]]>
              </value>
            </param>
            <param index="1">
              <value>
                <![CDATA[validPass]]>
              </value>
            </param>
            <param index="2">
              <value>
                <![CDATA[true]]>
              </value>
            </param>
          </params>
          <exception class="java.lang.AssertionError">
            <message>
              <![CDATA[expected [true] but found [false]]]>
            </message>
            <full-stacktrace>
              <![CDATA[java.lang.AssertionError: expected [true] but found [false]
at org.testng.Assert.fail(Assert.java:99)
at org.testng.Assert.failNotEquals(Assert.java:1037)
at org.testng.Assert.assertEqualsImpl(Assert.java:140)
at org.testng.Assert.assertEquals(Assert.java:122)
at org.testng.Assert.assertEquals(Assert.java:819)
at org.testng.Assert.assertEquals(Assert.java:829)
at uiTests.loginTests.testLogin(loginTests.java:35)
at java.base/jdk.internal.reflect.DirectMethodHandleAccessor.invoke(DirectMethodHandleAccessor.java:103)
at java.base/java.lang.reflect.Method.invoke(Method.java:580)
at org.testng.internal.MethodInvocationHelper.invokeMethod(MethodInvocationHelper.java:133)
at org.testng.internal.TestInvoker.invokeMethod(TestInvoker.java:598)
at org.testng.internal.TestInvoker.invokeTestMethod(TestInvoker.java:173)
at org.testng.internal.MethodRunner.runInSequence(MethodRunner.java:46)
at org.testng.internal.TestInvoker$MethodInvocationAgent.invoke(TestInvoker.java:824)
at org.testng.internal.TestInvoker.invokeTestMethods(TestInvoker.java:146)
at org.testng.internal.TestMethodWorker.invokeTestMethods(TestMethodWorker.java:146)
at org.testng.internal.TestMethodWorker.run(TestMethodWorker.java:128)
at java.base/java.util.ArrayList.forEach(ArrayList.java:1596)
at org.testng.TestRunner.privateRun(TestRunner.java:794)
at org.testng.TestRunner.run(TestRunner.java:596)
at org.testng.SuiteRunner.runTest(SuiteRunner.java:377)
at org.testng.SuiteRunner.access$000(SuiteRunner.java:28)
at org.testng.SuiteRunner$SuiteWorker.run(SuiteRunner.java:418)
at org.testng.internal.thread.ThreadUtil.lambda$execute$0(ThreadUtil.java:64)
at java.base/java.util.concurrent.FutureTask.run(FutureTask.java:317)
at java.base/java.util.concurrent.ThreadPoolExecutor.runWorker(ThreadPoolExecutor.java:1144)
at java.base/java.util.concurrent.ThreadPoolExecutor$Worker.run(ThreadPoolExecutor.java:642)
at java.base/java.lang.Thread.run(Thread.java:1583)
]]>
            </full-stacktrace>
          </exception> <!-- java.lang.AssertionError -->
          <reporter-output>
          </reporter-output>
        </test-method> <!-- testLogin -->
        <test-method is-config="true" signature="tearDown()[pri:0, instance:uiTests.loginTests@3b69e7d1]" started-at="2024-09-24T23:05:53 TRT" name="tearDown" finished-at="2024-09-24T23:05:53 TRT" duration-ms="629" status="PASS">
          <reporter-output>
          </reporter-output>
        </test-method> <!-- tearDown -->
        <test-method is-config="true" signature="go_loginPage(java.lang.String)[pri:0, instance:uiTests.loginTests@3b69e7d1]" started-at="2024-09-24T23:05:53 TRT" name="go_loginPage" finished-at="2024-09-24T23:05:57 TRT" duration-ms="3108" status="PASS">
          <params>
            <param index="0">
              <value>
                <![CDATA[firefox]]>
              </value>
            </param>
          </params>
          <reporter-output>
          </reporter-output>
        </test-method> <!-- go_loginPage -->
        <test-method signature="testLogin(java.lang.String,java.lang.String,boolean)[pri:0, instance:uiTests.loginTests@3b69e7d1]" started-at="2024-09-24T23:05:57 TRT" name="testLogin" data-provider="loginData" finished-at="2024-09-24T23:05:57 TRT" duration-ms="309" status="PASS">
          <params>
            <param index="0">
              <value>
                <![CDATA[validUser]]>
              </value>
            </param>
            <param index="1">
              <value>
                <![CDATA[invalidPass]]>
              </value>
            </param>
            <param index="2">
              <value>
                <![CDATA[false]]>
              </value>
            </param>
          </params>
          <reporter-output>
          </reporter-output>
        </test-method> <!-- testLogin -->
        <test-method is-config="true" signature="tearDown()[pri:0, instance:uiTests.loginTests@3b69e7d1]" started-at="2024-09-24T23:05:57 TRT" name="tearDown" finished-at="2024-09-24T23:05:58 TRT" duration-ms="616" status="PASS">
          <reporter-output>
          </reporter-output>
        </test-method> <!-- tearDown -->
        <test-method is-config="true" signature="go_loginPage(java.lang.String)[pri:0, instance:uiTests.loginTests@3b69e7d1]" started-at="2024-09-24T23:05:58 TRT" name="go_loginPage" finished-at="2024-09-24T23:06:01 TRT" duration-ms="3391" status="PASS">
          <params>
            <param index="0">
              <value>
                <![CDATA[firefox]]>
              </value>
            </param>
          </params>
          <reporter-output>
          </reporter-output>
        </test-method> <!-- go_loginPage -->
        <test-method signature="testLogin(java.lang.String,java.lang.String,boolean)[pri:0, instance:uiTests.loginTests@3b69e7d1]" started-at="2024-09-24T23:06:01 TRT" name="testLogin" data-provider="loginData" finished-at="2024-09-24T23:06:01 TRT" duration-ms="285" status="PASS">
          <params>
            <param index="0">
              <value>
                <![CDATA[]]>
              </value>
            </param>
            <param index="1">
              <value>
                <![CDATA[]]>
              </value>
            </param>
            <param index="2">
              <value>
                <![CDATA[false]]>
              </value>
            </param>
          </params>
          <reporter-output>
          </reporter-output>
        </test-method> <!-- testLogin -->
        <test-method is-config="true" signature="tearDown()[pri:0, instance:uiTests.loginTests@3b69e7d1]" started-at="2024-09-24T23:06:01 TRT" name="tearDown" finished-at="2024-09-24T23:06:02 TRT" duration-ms="602" status="PASS">
          <reporter-output>
          </reporter-output>
        </test-method> <!-- tearDown -->
        <test-method is-config="true" signature="go_loginPage(java.lang.String)[pri:0, instance:uiTests.loginTests@3b69e7d1]" started-at="2024-09-24T23:06:02 TRT" name="go_loginPage" finished-at="2024-09-24T23:06:05 TRT" duration-ms="3217" status="PASS">
          <params>
            <param index="0">
              <value>
                <![CDATA[firefox]]>
              </value>
            </param>
          </params>
          <reporter-output>
          </reporter-output>
        </test-method> <!-- go_loginPage -->
        <test-method signature="testLogin(java.lang.String,java.lang.String,boolean)[pri:0, instance:uiTests.loginTests@3b69e7d1]" started-at="2024-09-24T23:06:05 TRT" name="testLogin" data-provider="loginData" finished-at="2024-09-24T23:06:05 TRT" duration-ms="373" status="PASS">
          <params>
            <param index="0">
              <value>
                <![CDATA[validUser]]>
              </value>
            </param>
            <param index="1">
              <value>
                <![CDATA[]]>
              </value>
            </param>
            <param index="2">
              <value>
                <![CDATA[false]]>
              </value>
            </param>
          </params>
          <reporter-output>
          </reporter-output>
        </test-method> <!-- testLogin -->
        <test-method is-config="true" signature="tearDown()[pri:0, instance:uiTests.loginTests@3b69e7d1]" started-at="2024-09-24T23:06:05 TRT" name="tearDown" finished-at="2024-09-24T23:06:06 TRT" duration-ms="655" status="PASS">
          <reporter-output>
          </reporter-output>
        </test-method> <!-- tearDown -->
        <test-method is-config="true" signature="go_loginPage(java.lang.String)[pri:0, instance:uiTests.loginTests@3b69e7d1]" started-at="2024-09-24T23:06:06 TRT" name="go_loginPage" finished-at="2024-09-24T23:06:09 TRT" duration-ms="3396" status="PASS">
          <params>
            <param index="0">
              <value>
                <![CDATA[firefox]]>
              </value>
            </param>
          </params>
          <reporter-output>
          </reporter-output>
        </test-method> <!-- go_loginPage -->
        <test-method signature="testLogin(java.lang.String,java.lang.String,boolean)[pri:0, instance:uiTests.loginTests@3b69e7d1]" started-at="2024-09-24T23:06:09 TRT" name="testLogin" data-provider="loginData" finished-at="2024-09-24T23:06:10 TRT" duration-ms="322" status="PASS">
          <params>
            <param index="0">
              <value>
                <![CDATA[]]>
              </value>
            </param>
            <param index="1">
              <value>
                <![CDATA[validPass]]>
              </value>
            </param>
            <param index="2">
              <value>
                <![CDATA[false]]>
              </value>
            </param>
          </params>
          <reporter-output>
          </reporter-output>
        </test-method> <!-- testLogin -->
        <test-method is-config="true" signature="tearDown()[pri:0, instance:uiTests.loginTests@3b69e7d1]" started-at="2024-09-24T23:06:10 TRT" name="tearDown" finished-at="2024-09-24T23:06:10 TRT" duration-ms="692" status="PASS">
          <reporter-output>
          </reporter-output>
        </test-method> <!-- tearDown -->
      </class> <!-- uiTests.loginTests -->
    </test> <!-- FirefoxTest -->
  </suite> <!-- Combined Test Suite -->
</testng-results>
